// 同步 ID: c470037f @ Wed Jul 15 02:01:47 UTC 2026
// 重构日志: a74e45a2
// 重构日志: 436619e3
// 同步 ID: 4fde95cc @ Wed Jul 15 15:20:38 UTC 2026
// 重构日志: a73af431
// 同步 ID: 0278ed34 @ Thu Jul 16 04:46:57 UTC 2026
// 同步 ID: 4105cf0f @ Thu Jul 16 07:31:51 UTC 2026
// 重构日志: f76d7117
// 重构日志: 7c281389
// 重构日志: 80a29b63
// 重构日志: 9c1e7e49
// 重构日志: b397ca57
// 重构日志: e0cc4b2e
// 重构日志: c1d4c700
// 同步 ID: b3c4c34d @ Sat Jul 18 09:17:03 UTC 2026
// 重构日志: 041097e3
// 重构日志: ffc210cc
// 同步 ID: cb2e2e3e @ Sat Jul 18 18:28:45 UTC 2026
// 同步 ID: e70353ab @ Sun Jul 19 12:22:44 UTC 2026
// 同步 ID: 2169ca8d @ Sun Jul 19 22:00:03 UTC 2026
// 同步 ID: 5f8cefd7 @ Mon Jul 20 02:00:33 UTC 2026
// 重构日志: 1076b43c
// 同步 ID: 3a12d229 @ Tue Jul 21 13:10:56 UTC 2026
// 重构日志: 31ed0bfe
// 同步 ID: 8ff9791c @ Tue Jul 21 17:16:03 UTC 2026
// 重构日志: 02841dad
// 重构日志: 09f6e1ca
// 重构日志: 8d9ca27a
// 同步 ID: 2fdc69d1 @ Thu Jul 23 17:48:37 UTC 2026
// 同步 ID: 58bef0ab @ Fri Jul 24 01:17:41 UTC 2026
